<?xml version="1.0" encoding="UTF-8"?>
<!-- Generated by org.testng.reporters.JUnitReportReporter -->
<testsuite hostname="DESKTOP-Q55A1M4" failures="0" tests="6" name="SwagLabWeb.myTestcases" time="2.612" errors="0" timestamp="2024-06-24T08:39:30 EET" skipped="0">
  <testcase classname="SwagLabWeb.myTestcases" name="Sighnin" time="1.061"/>
  <system-out/>
  <testcase classname="SwagLabWeb.myTestcases" name="addRandom" time="0.098"/>
  <system-out/>
  <testcase classname="SwagLabWeb.myTestcases" name="addRandom" time="0.174"/>
  <system-out/>
  <testcase classname="SwagLabWeb.myTestcases" name="assurance" time="0.055"/>
  <system-out/>
  <testcase classname="SwagLabWeb.myTestcases" name="checkOut" time="0.829"/>
  <system-out/>
  <testcase classname="SwagLabWeb.myTestcases" name="logout" time="0.395"/>
  <system-out/>
</testsuite> <!-- SwagLabWeb.myTestcases -->
